[2025-12-27--13-10-14 INFO actix_server::builder] starting 5 workers
[2025-12-27--13-10-14 INFO actix_server::server] Tokio runtime found; starting in existing Tokio runtime
[2025-12-27--13-10-14 INFO actix_server::server] starting service: "actix-web-service-127.0.0.1:18488", workers: 5, listening on: 127.0.0.1:18488
[2025-12-27--13-10-19 INFO parity_ws] Listening for new connections on 127.0.0.1:8900.
[2025-12-27--13-10-35 INFO txtx::svm::deploy_program] [Recovery Instructions] - An ephemeral authority account will be created and funded to write to the buffer account.
[2025-12-27--13-10-35 INFO txtx::svm::deploy_program] [Recovery Instructions] - Please save the following information in case the deployment fails and the account needs to be recovered:
[2025-12-27--13-10-35 INFO txtx::svm::deploy_program] [Recovery Instructions] - Ephemeral authority public key: Bgg7xyFVDsMPfjjN4xdFbLrcmAS6PK3oVAAXCwSjfYLY
[2025-12-27--13-10-35 INFO txtx::svm::deploy_program] [Recovery Instructions] - Ephemeral authority secret key: [24, 87, 50, 106, 236, 220, 217, 155, 179, 209, 111, 228, 109, 133, 43, 164, 92, 148, 65, 13, 65, 31, 205, 27, 195, 205, 90, 254, 3, 250, 196, 34, 158, 190, 193, 8, 193, 253, 119, 201, 223, 7, 110, 179, 243, 252, 233, 249, 63, 126, 228, 77, 93, 237, 29, 70, 239, 121, 49, 143, 175, 33, 175, 249]
[2025-12-27--13-10-37 INFO txtx::svm::deploy_program] Account Created - Ephemeral authority account created and funded to write to buffer
[2025-12-27--13-10-37 INFO txtx::svm::deploy_program] [Recovery Instructions] - Creating program buffer account at pubkey F1svsYr51C371gvRbHoy44ob2qFsYv6DcafmD9kh9WSc
[2025-12-27--13-10-38 INFO txtx::svm::deploy_program] Account Created - Program buffer account created
[2025-12-27--13-10-40 INFO txtx::svm::deploy_program] Buffer Ready - Writing to buffer account is complete
[2025-12-27--13-10-42 INFO txtx::svm::deploy_program] Program Created - Program uDmj4mV6bSGt43SajwZohAYcrBcdGH1Hyduaf5wEwvh has been deployed
[2025-12-27--13-10-43 INFO txtx::svm::deploy_program] Complete - Ephemeral authority account closed and leftover funds returned to payer
[2025-12-27--13-11-19 INFO parity_ws::io] Accepted a new tcp connection from 127.0.0.1:34286.
[2025-12-27--13-11-57 INFO actix_server::accept] accept thread stopped
[2025-12-27--13-11-57 INFO actix_server::worker] shutting down idle worker
[2025-12-27--13-11-57 INFO actix_server::worker] shutting down idle worker
[2025-12-27--13-11-57 INFO actix_server::worker] shutting down idle worker
[2025-12-27--13-11-57 INFO actix_server::worker] shutting down idle worker
[2025-12-27--13-11-57 INFO actix_server::worker] shutting down idle worker
